1617823453631	geckodriver	INFO	Listening on 127.0.0.1:52221
1617823456716	mozrunner::runner	INFO	Running command: "C:\\Program Files\\Mozilla Firefox\\firefox.exe" "--marionette" "-foreground" "-no-remote" "-profile" "C:\\Users\\8523~1\\AppData\\Local\\Temp\\rust_mozprofilejvNOYo"
Can't find symbol 'eglSwapBuffersWithDamageEXT'.
Can't find symbol 'eglSetDamageRegionKHR'.
JavaScript error: resource://gre/modules/XULStore.jsm, line 66: Error: Can't find profile directory.
console.warn: SearchSettings: "get: No settings file exists, new profile?" (new Error("", "(unknown module)"))
1617823458525	Marionette	INFO	Listening on port 52229
1617823458781	Marionette	WARN	TLS certificate errors will be ignored for this session
1617823458870	Marionette	INFO	Stopped listening on port 52229
console.error: Region.jsm: "Error fetching region" (new TypeError("NetworkError when attempting to fetch resource.", ""))
console.error: Region.jsm: "Failed to fetch region" (new Error("NO_RESULT", "resource://gre/modules/Region.jsm", 376))
console.error: services.settings: 
  main/whats-new-panel Signature failed  TypeError: NetworkError when attempting to fetch resource.

###!!! [Child][RunMessage] Error: Channel closing: too late to send/recv, messages will be lost


###!!! [Child][MessageChannel::SendAndWait] Error: Channel error: cannot send/recv

1617825093172	geckodriver	INFO	Listening on 127.0.0.1:52597
1617825096267	mozrunner::runner	INFO	Running command: "C:\\Program Files\\Mozilla Firefox\\firefox.exe" "--marionette" "-foreground" "-no-remote" "-profile" "C:\\Users\\8523~1\\AppData\\Local\\Temp\\rust_mozprofilerZXT6t"
Can't find symbol 'eglSwapBuffersWithDamageEXT'.
Can't find symbol 'eglSetDamageRegionKHR'.
JavaScript error: resource://gre/modules/XULStore.jsm, line 66: Error: Can't find profile directory.
console.warn: SearchSettings: "get: No settings file exists, new profile?" (new Error("", "(unknown module)"))
1617825098074	Marionette	INFO	Listening on port 52605
1617825098300	Marionette	WARN	TLS certificate errors will be ignored for this session
1617825099484	Marionette	INFO	Stopped listening on port 52605

###!!! [Child][RunMessage] Error: Channel closing: too late to send/recv, messages will be lost


###!!! [Child][MessageChannel::SendAndWait] Error: Channel error: cannot send/recv

1617825259446	geckodriver	INFO	Listening on 127.0.0.1:52674
1617825262514	mozrunner::runner	INFO	Running command: "C:\\Program Files\\Mozilla Firefox\\firefox.exe" "--marionette" "-foreground" "-no-remote" "-profile" "C:\\Users\\8523~1\\AppData\\Local\\Temp\\rust_mozprofileUKAimp"
Can't find symbol 'eglSwapBuffersWithDamageEXT'.
Can't find symbol 'eglSetDamageRegionKHR'.
JavaScript error: resource://gre/modules/XULStore.jsm, line 66: Error: Can't find profile directory.
console.warn: SearchSettings: "get: No settings file exists, new profile?" (new Error("", "(unknown module)"))
1617825264291	Marionette	INFO	Listening on port 52682
1617825264568	Marionette	WARN	TLS certificate errors will be ignored for this session
1617825265747	Marionette	INFO	Stopped listening on port 52682

###!!! [Child][RunMessage] Error: Channel closing: too late to send/recv, messages will be lost


###!!! [Child][MessageChannel::SendAndWait] Error: Channel error: cannot send/recv

1617825446469	geckodriver	INFO	Listening on 127.0.0.1:52766
1617825449545	mozrunner::runner	INFO	Running command: "C:\\Program Files\\Mozilla Firefox\\firefox.exe" "--marionette" "-foreground" "-no-remote" "-profile" "C:\\Users\\8523~1\\AppData\\Local\\Temp\\rust_mozprofilejjWHJ6"
Can't find symbol 'eglSwapBuffersWithDamageEXT'.
Can't find symbol 'eglSetDamageRegionKHR'.
JavaScript error: resource://gre/modules/XULStore.jsm, line 66: Error: Can't find profile directory.
console.warn: SearchSettings: "get: No settings file exists, new profile?" (new Error("", "(unknown module)"))
1617825451430	Marionette	INFO	Listening on port 52774
1617825451595	Marionette	WARN	TLS certificate errors will be ignored for this session
1617825452752	Marionette	INFO	Stopped listening on port 52774

###!!! [Child][RunMessage] Error: Channel closing: too late to send/recv, messages will be lost


###!!! [Child][MessageChannel::SendAndWait] Error: Channel error: cannot send/recv

